Logging run output to: c:\Users\georg\Music\MSc\Knowledge-Graph-Embeddings-Comparative-Summary\outputs_trimodel_degree_matched_run.log
Run started at: 2026-04-29T19:50:42
Loaded existing splits from: c:\Users\georg\Music\MSc\Knowledge-Graph-Embeddings-Comparative-Summary\data\trimodel
Train triples: 141568
Valid triples: 20022
Test triples:  40651
Validation triples (filtered): 18871

============================================================
Training TriModel (degree-matched negatives) with embedding dimension 100
Outputs will be saved to: c:\Users\georg\Music\MSc\Knowledge-Graph-Embeddings-Comparative-Summary\outputs_trimodel_degree_matched\dim_100
============================================================
Degree-matched sampling: bin_size=5, num_bins=101, max_degree=7926, mean_degree=11.93

Training TriModel (degree-matched negatives) with loss_type='bce'
Entities: 23733, Relations: 14, Dim: 100
Regularization weight: 0.01, Negative samples: 5

Epoch 001/100 | train_loss=0.677501 | valid_loss=0.624230 | lr=1.00e-03 | epoch_time=25.05s
Epoch 002/100 | train_loss=0.555600 | valid_loss=0.496076 | lr=1.00e-03 | epoch_time=26.03s
Epoch 003/100 | train_loss=0.439651 | valid_loss=0.423822 | lr=1.00e-03 | epoch_time=25.19s
Epoch 004/100 | train_loss=0.371728 | valid_loss=0.379359 | lr=1.00e-03 | epoch_time=24.17s
Epoch 005/100 | train_loss=0.319830 | valid_loss=0.346269 | lr=1.00e-03 | epoch_time=24.89s
Epoch 006/100 | train_loss=0.265198 | valid_loss=0.314505 | lr=1.00e-03 | epoch_time=24.62s
Epoch 007/100 | train_loss=0.210231 | valid_loss=0.285228 | lr=1.00e-03 | epoch_time=24.95s
Epoch 008/100 | train_loss=0.165216 | valid_loss=0.265490 | lr=1.00e-03 | epoch_time=24.23s
Epoch 009/100 | train_loss=0.130499 | valid_loss=0.253775 | lr=1.00e-03 | epoch_time=24.04s
Epoch 010/100 | train_loss=0.105486 | valid_loss=0.252128 | lr=1.00e-03 | epoch_time=25.99s
Epoch 011/100 | train_loss=0.087313 | valid_loss=0.256724 | lr=1.00e-03 | epoch_time=24.93s
Epoch 012/100 | train_loss=0.074678 | valid_loss=0.263121 | lr=1.00e-03 | epoch_time=24.46s
Epoch 013/100 | train_loss=0.065496 | valid_loss=0.272397 | lr=1.00e-03 | epoch_time=26.14s
Epoch 014/100 | train_loss=0.058370 | valid_loss=0.280758 | lr=1.00e-03 | epoch_time=24.10s
Epoch 015/100 | train_loss=0.053178 | valid_loss=0.288566 | lr=1.00e-03 | epoch_time=24.61s
Epoch 016/100 | train_loss=0.048886 | valid_loss=0.300415 | lr=5.00e-04 | epoch_time=23.79s
Epoch 017/100 | train_loss=0.045229 | valid_loss=0.305838 | lr=5.00e-04 | epoch_time=24.36s
Epoch 018/100 | train_loss=0.043780 | valid_loss=0.308938 | lr=5.00e-04 | epoch_time=23.68s
Epoch 019/100 | train_loss=0.041990 | valid_loss=0.314943 | lr=5.00e-04 | epoch_time=23.84s
Epoch 020/100 | train_loss=0.040713 | valid_loss=0.319348 | lr=5.00e-04 | epoch_time=24.11s

Early stopping at epoch 20 (patience=10)
Best validation loss: 0.252128

Training finished: epochs_run=20 | total_time=00:08:13 (493.18s) | avg_epoch_time=24.66s
Restored best model from early stopping.

Saved to: c:\Users\georg\Music\MSc\Knowledge-Graph-Embeddings-Comparative-Summary\outputs_trimodel_degree_matched\dim_100/
 - training_loss.csv
 - training_loss.png
 - entity_embeddings.csv
 - relation_embeddings.csv
 - entity2id.csv
 - relation2id.csv
Model saved to c:\Users\georg\Music\MSc\Knowledge-Graph-Embeddings-Comparative-Summary\outputs_trimodel_degree_matched\dim_100/trimodel_model.pt

============================================================
Training TriModel (degree-matched negatives) with embedding dimension 200
Outputs will be saved to: c:\Users\georg\Music\MSc\Knowledge-Graph-Embeddings-Comparative-Summary\outputs_trimodel_degree_matched\dim_200
============================================================
Degree-matched sampling: bin_size=5, num_bins=101, max_degree=7926, mean_degree=11.93

Training TriModel (degree-matched negatives) with loss_type='bce'
Entities: 23733, Relations: 14, Dim: 200
Regularization weight: 0.01, Negative samples: 5

Epoch 001/100 | train_loss=0.668452 | valid_loss=0.595031 | lr=1.00e-03 | epoch_time=34.42s
Epoch 002/100 | train_loss=0.519139 | valid_loss=0.460108 | lr=1.00e-03 | epoch_time=35.79s
Epoch 003/100 | train_loss=0.400624 | valid_loss=0.393716 | lr=1.00e-03 | epoch_time=35.78s
Epoch 004/100 | train_loss=0.327862 | valid_loss=0.354520 | lr=1.00e-03 | epoch_time=35.13s
Epoch 005/100 | train_loss=0.259951 | valid_loss=0.312891 | lr=1.00e-03 | epoch_time=36.09s
Epoch 006/100 | train_loss=0.191212 | valid_loss=0.278925 | lr=1.00e-03 | epoch_time=34.73s
Epoch 007/100 | train_loss=0.136628 | valid_loss=0.261004 | lr=1.00e-03 | epoch_time=35.05s
Epoch 008/100 | train_loss=0.098746 | valid_loss=0.261457 | lr=1.00e-03 | epoch_time=35.00s
Epoch 009/100 | train_loss=0.074793 | valid_loss=0.268612 | lr=1.00e-03 | epoch_time=34.66s
Epoch 010/100 | train_loss=0.059235 | valid_loss=0.283756 | lr=1.00e-03 | epoch_time=35.94s
Epoch 011/100 | train_loss=0.049299 | valid_loss=0.298144 | lr=1.00e-03 | epoch_time=35.57s
Epoch 012/100 | train_loss=0.042830 | valid_loss=0.313364 | lr=1.00e-03 | epoch_time=35.59s
Epoch 013/100 | train_loss=0.038182 | valid_loss=0.327520 | lr=5.00e-04 | epoch_time=37.66s
Epoch 014/100 | train_loss=0.034699 | valid_loss=0.341939 | lr=5.00e-04 | epoch_time=35.42s
Epoch 015/100 | train_loss=0.033070 | valid_loss=0.350186 | lr=5.00e-04 | epoch_time=35.64s
Epoch 016/100 | train_loss=0.031507 | valid_loss=0.356677 | lr=5.00e-04 | epoch_time=35.06s
Epoch 017/100 | train_loss=0.030470 | valid_loss=0.364525 | lr=5.00e-04 | epoch_time=35.44s

Early stopping at epoch 17 (patience=10)
Best validation loss: 0.261004

Training finished: epochs_run=17 | total_time=00:10:03 (602.98s) | avg_epoch_time=35.47s
Restored best model from early stopping.

Saved to: c:\Users\georg\Music\MSc\Knowledge-Graph-Embeddings-Comparative-Summary\outputs_trimodel_degree_matched\dim_200/
 - training_loss.csv
 - training_loss.png
 - entity_embeddings.csv
 - relation_embeddings.csv
 - entity2id.csv
 - relation2id.csv
Model saved to c:\Users\georg\Music\MSc\Knowledge-Graph-Embeddings-Comparative-Summary\outputs_trimodel_degree_matched\dim_200/trimodel_model.pt

============================================================
Training TriModel (degree-matched negatives) with embedding dimension 300
Outputs will be saved to: c:\Users\georg\Music\MSc\Knowledge-Graph-Embeddings-Comparative-Summary\outputs_trimodel_degree_matched\dim_300
============================================================
Degree-matched sampling: bin_size=5, num_bins=101, max_degree=7926, mean_degree=11.93

Training TriModel (degree-matched negatives) with loss_type='bce'
Entities: 23733, Relations: 14, Dim: 300
Regularization weight: 0.01, Negative samples: 5

Epoch 001/100 | train_loss=0.662347 | valid_loss=0.580049 | lr=1.00e-03 | epoch_time=45.90s
Epoch 002/100 | train_loss=0.500904 | valid_loss=0.440233 | lr=1.00e-03 | epoch_time=46.02s
Epoch 003/100 | train_loss=0.377800 | valid_loss=0.379208 | lr=1.00e-03 | epoch_time=44.45s
Epoch 004/100 | train_loss=0.296071 | valid_loss=0.335023 | lr=1.00e-03 | epoch_time=45.87s
Epoch 005/100 | train_loss=0.214107 | valid_loss=0.289158 | lr=1.00e-03 | epoch_time=45.73s
Epoch 006/100 | train_loss=0.143249 | valid_loss=0.264791 | lr=1.00e-03 | epoch_time=45.77s
Epoch 007/100 | train_loss=0.096211 | valid_loss=0.265810 | lr=1.00e-03 | epoch_time=46.23s
Epoch 008/100 | train_loss=0.067783 | valid_loss=0.279550 | lr=1.00e-03 | epoch_time=45.61s
Epoch 009/100 | train_loss=0.051342 | valid_loss=0.301137 | lr=1.00e-03 | epoch_time=45.43s
Epoch 010/100 | train_loss=0.041452 | valid_loss=0.321564 | lr=1.00e-03 | epoch_time=45.34s
Epoch 011/100 | train_loss=0.035169 | valid_loss=0.345389 | lr=1.00e-03 | epoch_time=44.82s
Epoch 012/100 | train_loss=0.030995 | valid_loss=0.363268 | lr=5.00e-04 | epoch_time=47.45s
Epoch 013/100 | train_loss=0.028047 | valid_loss=0.378708 | lr=5.00e-04 | epoch_time=45.60s
Epoch 014/100 | train_loss=0.026498 | valid_loss=0.386496 | lr=5.00e-04 | epoch_time=45.43s
Epoch 015/100 | train_loss=0.025245 | valid_loss=0.398940 | lr=5.00e-04 | epoch_time=44.82s
Epoch 016/100 | train_loss=0.024078 | valid_loss=0.406735 | lr=5.00e-04 | epoch_time=44.76s

Early stopping at epoch 16 (patience=10)
Best validation loss: 0.264791

Training finished: epochs_run=16 | total_time=00:12:09 (729.22s) | avg_epoch_time=45.58s
Restored best model from early stopping.

Saved to: c:\Users\georg\Music\MSc\Knowledge-Graph-Embeddings-Comparative-Summary\outputs_trimodel_degree_matched\dim_300/
 - training_loss.csv
 - training_loss.png
 - entity_embeddings.csv
 - relation_embeddings.csv
 - entity2id.csv
 - relation2id.csv
Model saved to c:\Users\georg\Music\MSc\Knowledge-Graph-Embeddings-Comparative-Summary\outputs_trimodel_degree_matched\dim_300/trimodel_model.pt

All dimensions complete. Wall-clock time: 00:30:57 (1857.12s)
Run finished at: 2026-04-29T20:21:39
